0 info it worked if it ends with ok
1 verbose cli [ 'c:\\Program Files (x86)\\nodejs\\node.exe',
1 verbose cli   'c:\\Program Files (x86)\\nodejs\\node_modules\\npm\\bin\\npm-cli.js',
1 verbose cli   'install',
1 verbose cli   'angular@1.6.0' ]
2 info using npm@3.10.9
3 info using node@v6.9.2
4 silly loadCurrentTree Starting
5 silly install loadCurrentTree
6 silly install readLocalPackageData
7 silly fetchPackageMetaData angular@1.6.0
8 silly fetchNamedPackageData angular
9 silly mapToRegistry name angular
10 silly mapToRegistry using default registry
11 silly mapToRegistry registry https://registry.npmjs.org/
12 silly mapToRegistry data Result {
12 silly mapToRegistry   raw: 'angular',
12 silly mapToRegistry   scope: null,
12 silly mapToRegistry   escapedName: 'angular',
12 silly mapToRegistry   name: 'angular',
12 silly mapToRegistry   rawSpec: '',
12 silly mapToRegistry   spec: 'latest',
12 silly mapToRegistry   type: 'tag' }
13 silly mapToRegistry uri https://registry.npmjs.org/angular
14 verbose request uri https://registry.npmjs.org/angular
15 verbose request no auth needed
16 info attempt registry request try #1 at 9:47:42 AM
17 verbose request id 4b0668a1dcb11979
18 http request GET https://registry.npmjs.org/angular
19 http 200 https://registry.npmjs.org/angular
20 verbose headers { server: 'nginx/1.10.1',
20 verbose headers   'content-type': 'application/json',
20 verbose headers   'last-modified': 'Fri, 16 Dec 2016 10:47:44 GMT',
20 verbose headers   etag: 'W/"5853c650-232ae"',
20 verbose headers   'content-encoding': 'gzip',
20 verbose headers   'cache-control': 'max-age=300',
20 verbose headers   'content-length': '14731',
20 verbose headers   'accept-ranges': 'bytes',
20 verbose headers   date: 'Thu, 22 Dec 2016 01:47:43 GMT',
20 verbose headers   via: '1.1 varnish',
20 verbose headers   age: '138',
20 verbose headers   connection: 'keep-alive',
20 verbose headers   'x-served-by': 'cache-nrt6127-NRT',
20 verbose headers   'x-cache': 'HIT',
20 verbose headers   'x-cache-hits': '2',
20 verbose headers   'x-timer': 'S1482371263.559259,VS0,VE0',
20 verbose headers   vary: 'Accept-Encoding' }
21 silly get cb [ 200,
21 silly get   { server: 'nginx/1.10.1',
21 silly get     'content-type': 'application/json',
21 silly get     'last-modified': 'Fri, 16 Dec 2016 10:47:44 GMT',
21 silly get     etag: 'W/"5853c650-232ae"',
21 silly get     'content-encoding': 'gzip',
21 silly get     'cache-control': 'max-age=300',
21 silly get     'content-length': '14731',
21 silly get     'accept-ranges': 'bytes',
21 silly get     date: 'Thu, 22 Dec 2016 01:47:43 GMT',
21 silly get     via: '1.1 varnish',
21 silly get     age: '138',
21 silly get     connection: 'keep-alive',
21 silly get     'x-served-by': 'cache-nrt6127-NRT',
21 silly get     'x-cache': 'HIT',
21 silly get     'x-cache-hits': '2',
21 silly get     'x-timer': 'S1482371263.559259,VS0,VE0',
21 silly get     vary: 'Accept-Encoding' } ]
22 verbose get saving angular to C:\Users\518303\AppData\Roaming\npm-cache\registry.npmjs.org\angular\.cache.json
23 verbose correctMkdir C:\Users\518303\AppData\Roaming\npm-cache correctMkdir not in flight; initializing
24 silly install normalizeTree
25 silly loadCurrentTree Finishing
26 silly loadIdealTree Starting
27 silly install loadIdealTree
28 silly cloneCurrentTree Starting
29 silly install cloneCurrentTreeToIdealTree
30 silly cloneCurrentTree Finishing
31 silly loadShrinkwrap Starting
32 silly install loadShrinkwrap
33 silly loadShrinkwrap Finishing
34 silly loadAllDepsIntoIdealTree Starting
35 silly install loadAllDepsIntoIdealTree
36 silly resolveWithNewModule angular@1.6.0 checking installable status
37 silly cache add args [ 'angular@1.6.0', null ]
38 verbose cache add spec angular@1.6.0
39 silly cache add parsed spec Result {
39 silly cache add   raw: 'angular@1.6.0',
39 silly cache add   scope: null,
39 silly cache add   escapedName: 'angular',
39 silly cache add   name: 'angular',
39 silly cache add   rawSpec: '1.6.0',
39 silly cache add   spec: '1.6.0',
39 silly cache add   type: 'version' }
40 silly addNamed angular@1.6.0
41 verbose addNamed "1.6.0" is a plain semver version for angular
42 silly mapToRegistry name angular
43 silly mapToRegistry using default registry
44 silly mapToRegistry registry https://registry.npmjs.org/
45 silly mapToRegistry data Result {
45 silly mapToRegistry   raw: 'angular',
45 silly mapToRegistry   scope: null,
45 silly mapToRegistry   escapedName: 'angular',
45 silly mapToRegistry   name: 'angular',
45 silly mapToRegistry   rawSpec: '',
45 silly mapToRegistry   spec: 'latest',
45 silly mapToRegistry   type: 'tag' }
46 silly mapToRegistry uri https://registry.npmjs.org/angular
47 verbose addNameVersion registry:https://registry.npmjs.org/angular not in flight; fetching
48 verbose get https://registry.npmjs.org/angular not expired, no request
49 silly mapToRegistry name angular
50 silly mapToRegistry using default registry
51 silly mapToRegistry registry https://registry.npmjs.org/
52 silly mapToRegistry data Result {
52 silly mapToRegistry   raw: 'angular',
52 silly mapToRegistry   scope: null,
52 silly mapToRegistry   escapedName: 'angular',
52 silly mapToRegistry   name: 'angular',
52 silly mapToRegistry   rawSpec: '',
52 silly mapToRegistry   spec: 'latest',
52 silly mapToRegistry   type: 'tag' }
53 silly mapToRegistry uri https://registry.npmjs.org/angular
54 verbose addRemoteTarball https://registry.npmjs.org/angular/-/angular-1.6.0.tgz not in flight; adding
55 verbose addRemoteTarball [ 'https://registry.npmjs.org/angular/-/angular-1.6.0.tgz',
55 verbose addRemoteTarball   '16c5edebd0a342046bd5281cca2decf04c40df76' ]
56 info retry fetch attempt 1 at 9:48:14 AM
57 info attempt registry request try #1 at 9:48:14 AM
58 http fetch GET https://registry.npmjs.org/angular/-/angular-1.6.0.tgz
59 http fetch 200 https://registry.npmjs.org/angular/-/angular-1.6.0.tgz
60 info retry will retry, error on last attempt: Error: read ECONNRESET
61 silly fetchAndShaCheck shasum 16c5edebd0a342046bd5281cca2decf04c40df76
62 silly rollbackFailedOptional Starting
63 silly rollbackFailedOptional Finishing
64 silly runTopLevelLifecycles Finishing
65 silly install printInstalled
66 verbose stack Error: shasum check failed for C:\Users\518303\AppData\Local\Temp\npm-6364-3f01fb6c\registry.npmjs.org\angular\-\angular-1.6.0.tgz
66 verbose stack Expected: 16c5edebd0a342046bd5281cca2decf04c40df76
66 verbose stack Actual:   1578c868f7df49d862d164ac80254389fc056ae7
66 verbose stack From:     https://registry.npmjs.org/angular/-/angular-1.6.0.tgz
66 verbose stack     at c:\Program Files (x86)\nodejs\node_modules\npm\node_modules\sha\index.js:25:8
66 verbose stack     at ReadStream.<anonymous> (c:\Program Files (x86)\nodejs\node_modules\npm\node_modules\sha\index.js:72:7)
66 verbose stack     at emitNone (events.js:91:20)
66 verbose stack     at ReadStream.emit (events.js:185:7)
66 verbose stack     at endReadableNT (_stream_readable.js:974:12)
66 verbose stack     at _combinedTickCallback (internal/process/next_tick.js:74:11)
66 verbose stack     at process._tickCallback (internal/process/next_tick.js:98:9)
67 verbose cwd C:\Lily\Resource\GitProject
68 error Windows_NT 6.1.7601
69 error argv "c:\\Program Files (x86)\\nodejs\\node.exe" "c:\\Program Files (x86)\\nodejs\\node_modules\\npm\\bin\\npm-cli.js" "install" "angular@1.6.0"
70 error node v6.9.2
71 error npm  v3.10.9
72 error shasum check failed for C:\Users\518303\AppData\Local\Temp\npm-6364-3f01fb6c\registry.npmjs.org\angular\-\angular-1.6.0.tgz
72 error Expected: 16c5edebd0a342046bd5281cca2decf04c40df76
72 error Actual:   1578c868f7df49d862d164ac80254389fc056ae7
72 error From:     https://registry.npmjs.org/angular/-/angular-1.6.0.tgz
73 error If you need help, you may report this error at:
73 error     <https://github.com/npm/npm/issues>
74 verbose exit [ 1, true ]
